<?xml version="1.0" encoding="UTF-8"?>
<!-- Generated by org.testng.reporters.JUnitXMLReporter -->
<testsuite hostname="DESKTOP-EO3H99M" name="Test" tests="5" failures="0" timestamp="26 May 2020 13:52:11 GMT" time="0.309" errors="0">
  <testcase name="demo" time="0.01" classname="com.testselenium.framework.test"/>
  <testcase name="test1" time="0.003" classname="com.testselenium.framework.test"/>
  <testcase name="test2" time="0.002" classname="com.testselenium.framework.test"/>
  <testcase name="King" time="0.002" classname="com.testselenium.framework.demo"/>
  <testcase name="demo" time="0.001" classname="com.testselenium.framework.demo"/>
</testsuite> <!-- Test -->
